This is parent thread 
My POSIX thread id is (-1210837248)
My linux thread id is (3468)
My pid is (3468)
My job is to create two child threads


Creating child thread1
Timestamp for thread creation:1518919104.094022

Creating child thread2
Timestamp for thread creation:1518919104.094216

I am child thread (1) 
My POSIX thread id is (-1210840256)
My linux thread id is (3469)
My pid is (3468)
My job is to search text in a file


This is thread 1 running 
Charactrer 	 Count
z 	          3
q 	          3
x 	          3


I am child thread (2) 
My POSIX thread id is (-1219232960)
My linux thread id is (3470)
My pid is (3468)
My job is to print CPU stats


Goodbye from thread 1!
Timestamp for thread destruction:1518919104.103145

.This child thread 2 running.I am printing stats 
cpu  224734 248 43910 921127 6503 0 407 0 0 0
cpu0 224734 248 43910 921127 6503 0 407 0 0 0
intr 1892997 32 29754 0 0 0 0 0 0 0 39518 13468 21924 34024 0 0 12060 0 0 0 0 0 0 0 0 0 0 0 0 0 0 0 0
ctxt 10713311
btime 1518907044
processes 3470
procs_running 2
procs_blocked 0
softirq 886177 4 756623 2269 14442 25272 0 17753 0 0 69814


.This child thread 2 running.I am printing stats 
cpu  224754 248 43911 921127 6503 0 407 0 0 0
cpu0 224754 248 43911 921127 6503 0 407 0 0 0
intr 1893107 32 29754 0 0 0 0 0 0 0 39518 13469 21924 34024 0 0 12060 0 0 0 0 0 0 0 0 0 0 0 0 0 0 0 0
ctxt 10713794
btime 1518907044
processes 3470
procs_running 2
procs_blocked 0
softirq 886235 4 756677 2269 14443 25272 0 17753 0 0 69817


.This child thread 2 running.I am printing stats 
cpu  224773 248 43912 921127 6503 0 407 0 0 0
cpu0 224773 248 43912 921127 6503 0 407 0 0 0
intr 1893200 32 29754 0 0 0 0 0 0 0 39518 13469 21924 34024 0 0 12060 0 0 0 0 0 0 0 0 0 0 0 0 0 0 0 0
ctxt 10714253
btime 1518907044
processes 3470
procs_running 2
procs_blocked 0
softirq 886287 4 756726 2269 14443 25272 0 17753 0 0 69820


.This child thread 2 running.I am printing stats 
cpu  224792 248 43913 921127 6503 0 407 0 0 0
cpu0 224792 248 43913 921127 6503 0 407 0 0 0
intr 1893312 32 29754 0 0 0 0 0 0 0 39524 13469 21924 34024 0 0 12060 0 0 0 0 0 0 0 0 0 0 0 0 0 0 0 0
ctxt 10714684
btime 1518907044
processes 3470
procs_running 2
procs_blocked 0
softirq 886342 4 756778 2269 14443 25272 0 17753 0 0 69823


.This child thread 2 running.I am printing stats 
cpu  224816 248 43916 921127 6503 0 407 0 0 0
cpu0 224816 248 43916 921127 6503 0 407 0 0 0
intr 1893470 32 29754 0 0 0 0 0 0 0 39545 13469 21924 34024 0 0 12060 0 0 0 0 0 0 0 0 0 0 0 0 0 0 0 0
ctxt 10715509
btime 1518907044
processes 3470
procs_running 2
procs_blocked 0
softirq 886409 4 756842 2269 14443 25272 0 17753 0 0 69826


.This child thread 2 running.I am printing stats 
cpu  224836 248 43919 921127 6503 0 407 0 0 0
cpu0 224836 248 43919 921127 6503 0 407 0 0 0
intr 1893601 32 29754 0 0 0 0 0 0 0 39550 13469 21924 34024 0 0 12062 0 0 0 0 0 0 0 0 0 0 0 0 0 0 0 0
ctxt 10716095
btime 1518907044
processes 3470
procs_running 1
procs_blocked 0
softirq 886471 4 756900 2269 14443 25273 0 17753 0 0 69829


.This child thread 2 running.I am printing stats 
cpu  224856 248 43920 921127 6503 0 407 0 0 0
cpu0 224856 248 43920 921127 6503 0 407 0 0 0
intr 1893711 32 29754 0 0 0 0 0 0 0 39552 13469 21924 34024 0 0 12062 0 0 0 0 0 0 0 0 0 0 0 0 0 0 0 0
ctxt 10716711
btime 1518907044
processes 3470
procs_running 2
procs_blocked 0
softirq 886526 4 756952 2269 14443 25273 0 17753 0 0 69832


.This child thread 2 running.I am printing stats 
cpu  224874 248 43921 921127 6503 0 407 0 0 0
cpu0 224874 248 43921 921127 6503 0 407 0 0 0
intr 1893824 32 29754 0 0 0 0 0 0 0 39555 13469 21924 34024 0 0 12062 0 0 0 0 0 0 0 0 0 0 0 0 0 0 0 0
ctxt 10717152
btime 1518907044
processes 3470
procs_running 2
procs_blocked 0
softirq 886579 4 757002 2269 14443 25273 0 17753 0 0 69835


.This child thread 2 running.I am printing stats 
cpu  224896 248 43926 921127 6503 0 407 0 0 0
cpu0 224896 248 43926 921127 6503 0 407 0 0 0
intr 1894013 32 29754 0 0 0 0 0 0 0 39577 13469 21924 34028 0 0 12062 0 0 0 0 0 0 0 0 0 0 0 0 0 0 0 0
ctxt 10717664
btime 1518907044
processes 3470
procs_running 4
procs_blocked 0
softirq 886650 4 757070 2269 14443 25273 0 17753 0 0 69838


.This child thread 2 running.I am printing stats 
cpu  224917 248 43931 921127 6503 0 407 0 0 0
cpu0 224917 248 43931 921127 6503 0 407 0 0 0
intr 1894194 32 29754 0 0 0 0 0 0 0 39601 13469 21924 34028 0 0 12062 0 0 0 0 0 0 0 0 0 0 0 0 0 0 0 0
ctxt 10718184
btime 1518907044
processes 3470
procs_running 2
procs_blocked 0
softirq 886718 4 757135 2269 14443 25273 0 17753 0 0 69841


.This child thread 2 running.I am printing stats 
cpu  224935 248 43932 921127 6503 0 407 0 0 0
cpu0 224935 248 43932 921127 6503 0 407 0 0 0
intr 1894304 32 29754 0 0 0 0 0 0 0 39601 13470 21924 34028 0 0 12062 0 0 0 0 0 0 0 0 0 0 0 0 0 0 0 0
ctxt 10718636
btime 1518907044
processes 3470
procs_running 2
procs_blocked 0
softirq 886769 4 757182 2269 14444 25273 0 17753 0 0 69844


.This child thread 2 running.I am printing stats 
cpu  224954 248 43935 921127 6503 0 407 0 0 0
cpu0 224954 248 43935 921127 6503 0 407 0 0 0
intr 1894480 32 29754 0 0 0 0 0 0 0 39627 13470 21924 34028 0 0 12062 0 0 0 0 0 0 0 0 0 0 0 0 0 0 0 0
ctxt 10719530
btime 1518907044
processes 3470
procs_running 2
procs_blocked 0
softirq 886826 4 757236 2269 14444 25273 0 17753 0 0 69847


.This child thread 2 running.I am printing stats 
cpu  224974 248 43937 921127 6503 0 407 0 0 0
cpu0 224974 248 43937 921127 6503 0 407 0 0 0
intr 1894661 32 29754 0 0 0 0 0 0 0 39654 13470 21924 34028 0 0 12062 0 0 0 0 0 0 0 0 0 0 0 0 0 0 0 0
ctxt 10719994
btime 1518907044
processes 3470
procs_running 2
procs_blocked 0
softirq 886885 4 757292 2269 14444 25273 0 17753 0 0 69850


.This child thread 2 running.I am printing stats 
cpu  224996 248 43939 921127 6503 0 407 0 0 0
cpu0 224996 248 43939 921127 6503 0 407 0 0 0
intr 1894872 32 29754 0 0 0 0 0 0 0 39684 13470 21924 34028 0 0 12062 0 0 0 0 0 0 0 0 0 0 0 0 0 0 0 0
ctxt 10720564
btime 1518907044
processes 3470
procs_running 1
procs_blocked 0
softirq 886947 4 757351 2269 14444 25273 0 17753 0 0 69853


.This child thread 2 running.I am printing stats 
cpu  225021 248 43943 921127 6503 0 407 0 0 0
cpu0 225021 248 43943 921127 6503 0 407 0 0 0
intr 1895107 32 29754 0 0 0 0 0 0 0 39712 13470 21924 34028 0 0 12064 0 0 0 0 0 0 0 0 0 0 0 0 0 0 0 0
ctxt 10721376
btime 1518907044
processes 3470
procs_running 2
procs_blocked 0
softirq 887023 4 757423 2269 14444 25274 0 17753 0 0 69856


.This child thread 2 running.I am printing stats 
cpu  225040 248 43945 921127 6503 0 407 0 0 0
cpu0 225040 248 43945 921127 6503 0 407 0 0 0
intr 1895229 32 29754 0 0 0 0 0 0 0 39712 13470 21924 34028 0 0 12064 0 0 0 0 0 0 0 0 0 0 0 0 0 0 0 0
ctxt 10722002
btime 1518907044
processes 3470
procs_running 1
procs_blocked 0
softirq 887078 4 757475 2269 14444 25274 0 17753 0 0 69859


.This child thread 2 running.I am printing stats 
cpu  225054 248 43946 921127 6503 0 407 0 0 0
cpu0 225054 248 43946 921127 6503 0 407 0 0 0
intr 1895320 32 29754 0 0 0 0 0 0 0 39712 13470 21924 34028 0 0 12064 0 0 0 0 0 0 0 0 0 0 0 0 0 0 0 0
ctxt 10722492
btime 1518907044
processes 3470
procs_running 1
procs_blocked 0
softirq 887122 4 757516 2269 14444 25274 0 17753 0 0 69862


.This child thread 2 running.I am printing stats 
cpu  225068 248 43948 921127 6503 0 407 0 0 0
cpu0 225068 248 43948 921127 6503 0 407 0 0 0
intr 1895390 32 29754 0 0 0 0 0 0 0 39712 13470 21924 34028 0 0 12064 0 0 0 0 0 0 0 0 0 0 0 0 0 0 0 0
ctxt 10722978
btime 1518907044
processes 3470
procs_running 1
procs_blocked 0
softirq 887162 4 757553 2269 14444 25274 0 17753 0 0 69865


.This child thread 2 running.I am printing stats 
cpu  225083 248 43949 921127 6503 0 407 0 0 0
cpu0 225083 248 43949 921127 6503 0 407 0 0 0
intr 1895468 32 29754 0 0 0 0 0 0 0 39712 13470 21924 34028 0 0 12064 0 0 0 0 0 0 0 0 0 0 0 0 0 0 0 0
ctxt 10723469
btime 1518907044
processes 3470
procs_running 1
procs_blocked 0
softirq 887205 4 757593 2269 14444 25274 0 17753 0 0 69868


.This child thread 2 running.I am printing stats 
cpu  225097 248 43950 921127 6503 0 407 0 0 0
cpu0 225097 248 43950 921127 6503 0 407 0 0 0
intr 1895545 32 29754 0 0 0 0 0 0 0 39712 13470 21924 34028 0 0 12064 0 0 0 0 0 0 0 0 0 0 0 0 0 0 0 0
ctxt 10723946
btime 1518907044
processes 3470
procs_running 1
procs_blocked 0
softirq 887247 4 757632 2269 14444 25274 0 17753 0 0 69871


.This child thread 2 running.I am printing stats 
cpu  225112 248 43951 921127 6503 0 407 0 0 0
cpu0 225112 248 43951 921127 6503 0 407 0 0 0
intr 1895624 32 29754 0 0 0 0 0 0 0 39712 13470 21924 34028 0 0 12064 0 0 0 0 0 0 0 0 0 0 0 0 0 0 0 0
ctxt 10724384
btime 1518907044
processes 3470
procs_running 1
procs_blocked 0
softirq 887290 4 757672 2269 14444 25274 0 17753 0 0 69874


.This child thread 2 running.I am printing stats 
cpu  225127 248 43951 921127 6503 0 407 0 0 0
cpu0 225127 248 43951 921127 6503 0 407 0 0 0
intr 1895699 32 29754 0 0 0 0 0 0 0 39712 13471 21924 34028 0 0 12064 0 0 0 0 0 0 0 0 0 0 0 0 0 0 0 0
ctxt 10724860
btime 1518907044
processes 3470
procs_running 1
procs_blocked 0
softirq 887332 4 757710 2269 14445 25274 0 17753 0 0 69877


.This child thread 2 running.I am printing stats 
cpu  225142 248 43952 921127 6503 0 407 0 0 0
cpu0 225142 248 43952 921127 6503 0 407 0 0 0
intr 1895772 32 29754 0 0 0 0 0 0 0 39713 13471 21924 34028 0 0 12064 0 0 0 0 0 0 0 0 0 0 0 0 0 0 0 0
ctxt 10725331
btime 1518907044
processes 3470
procs_running 1
procs_blocked 0
softirq 887373 4 757748 2269 14445 25274 0 17753 0 0 69880


.This child thread 2 running.I am printing stats 
cpu  225157 248 43953 921127 6503 0 407 0 0 0
cpu0 225157 248 43953 921127 6503 0 407 0 0 0
intr 1895875 32 29754 0 0 0 0 0 0 0 39722 13471 21924 34028 0 0 12064 0 0 0 0 0 0 0 0 0 0 0 0 0 0 0 0
ctxt 10725855
btime 1518907044
processes 3470
procs_running 1
procs_blocked 0
softirq 887417 4 757789 2269 14445 25274 0 17753 0 0 69883


.This child thread 2 running.I am printing stats 
cpu  225170 248 43955 921127 6503 0 407 0 0 0
cpu0 225170 248 43955 921127 6503 0 407 0 0 0
intr 1895954 32 29754 0 0 0 0 0 0 0 39722 13471 21924 34028 0 0 12064 0 0 0 0 0 0 0 0 0 0 0 0 0 0 0 0
ctxt 10726332
btime 1518907044
processes 3470
procs_running 1
procs_blocked 0
softirq 887457 4 757826 2269 14445 25274 0 17753 0 0 69886


.This child thread 2 running.I am printing stats 
cpu  225186 248 43957 921127 6503 0 407 0 0 0
cpu0 225186 248 43957 921127 6503 0 407 0 0 0
intr 1896050 32 29754 0 0 0 0 0 0 0 39726 13471 21928 34028 0 0 12064 0 0 0 0 0 0 0 0 0 0 0 0 0 0 0 0
ctxt 10726813
btime 1518907044
processes 3470
procs_running 1
procs_blocked 0
softirq 887508 4 757870 2269 14445 25278 0 17753 0 0 69889


.This child thread 2 running.I am printing stats 
cpu  225201 248 43957 921127 6503 0 407 0 0 0
cpu0 225201 248 43957 921127 6503 0 407 0 0 0
intr 1896154 32 29754 0 0 0 0 0 0 0 39732 13471 21933 34028 0 0 12066 0 0 0 0 0 0 0 0 0 0 0 0 0 0 0 0
ctxt 10727293
btime 1518907044
processes 3470
procs_running 1
procs_blocked 0
softirq 887553 4 757909 2270 14445 25280 0 17753 0 0 69892


.This child thread 2 running.I am printing stats 
cpu  225222 248 43959 921127 6503 0 407 0 0 0
cpu0 225222 248 43959 921127 6503 0 407 0 0 0
intr 1896295 32 29754 0 0 0 0 0 0 0 39741 13471 21933 34028 0 0 12066 0 0 0 0 0 0 0 0 0 0 0 0 0 0 0 0
ctxt 10728027
btime 1518907044
processes 3470
procs_running 2
procs_blocked 0
softirq 887612 4 757965 2270 14445 25280 0 17753 0 0 69895


.This child thread 2 running.I am printing stats 
cpu  225244 248 43962 921127 6503 0 407 0 0 0
cpu0 225244 248 43962 921127 6503 0 407 0 0 0
intr 1896449 32 29754 0 0 0 0 0 0 0 39748 13471 21933 34028 0 0 12066 0 0 0 0 0 0 0 0 0 0 0 0 0 0 0 0
ctxt 10728550
btime 1518907044
processes 3470
procs_running 2
procs_blocked 0
softirq 887678 4 758028 2270 14445 25280 0 17753 0 0 69898


.This child thread 2 running.I am printing stats 
cpu  225265 248 43964 921127 6503 0 407 0 0 0
cpu0 225265 248 43964 921127 6503 0 407 0 0 0
intr 1896596 32 29754 0 0 0 0 0 0 0 39751 13471 21933 34028 0 0 12066 0 0 0 0 0 0 0 0 0 0 0 0 0 0 0 0
ctxt 10728966
btime 1518907044
processes 3470
procs_running 2
procs_blocked 0
softirq 887740 4 758087 2270 14445 25280 0 17753 0 0 69901


.This child thread 2 running.I am printing stats 
cpu  225283 248 43966 921127 6503 0 407 0 0 0
cpu0 225283 248 43966 921127 6503 0 407 0 0 0
intr 1896707 32 29754 0 0 0 0 0 0 0 39751 13471 21933 34028 0 0 12066 0 0 0 0 0 0 0 0 0 0 0 0 0 0 0 0
ctxt 10729426
btime 1518907044
processes 3470
procs_running 2
procs_blocked 0
softirq 887793 4 758137 2270 14445 25280 0 17753 0 0 69904


.This child thread 2 running.I am printing stats 
cpu  225298 248 43967 921127 6503 0 407 0 0 0
cpu0 225298 248 43967 921127 6503 0 407 0 0 0
intr 1896791 32 29754 0 0 0 0 0 0 0 39751 13471 21933 34028 0 0 12066 0 0 0 0 0 0 0 0 0 0 0 0 0 0 0 0
ctxt 10730066
btime 1518907044
processes 3470
procs_running 1
procs_blocked 0
softirq 887834 4 758175 2270 14445 25280 0 17753 0 0 69907


.This child thread 2 running.I am printing stats 
cpu  225310 248 43967 921127 6503 0 407 0 0 0
cpu0 225310 248 43967 921127 6503 0 407 0 0 0
intr 1896866 32 29754 0 0 0 0 0 0 0 39751 13472 21933 34028 0 0 12066 0 0 0 0 0 0 0 0 0 0 0 0 0 0 0 0
ctxt 10730555
btime 1518907044
processes 3470
procs_running 1
procs_blocked 0
softirq 887871 4 758208 2270 14446 25280 0 17753 0 0 69910


.This child thread 2 running.I am printing stats 
cpu  225325 248 43968 921127 6503 0 407 0 0 0
cpu0 225325 248 43968 921127 6503 0 407 0 0 0
intr 1896966 32 29754 0 0 0 0 0 0 0 39751 13472 21933 34028 0 0 12066 0 0 0 0 0 0 0 0 0 0 0 0 0 0 0 0
ctxt 10731017
btime 1518907044
processes 3470
procs_running 1
procs_blocked 0
softirq 887914 4 758248 2270 14446 25280 0 17753 0 0 69913


.This child thread 2 running.I am printing stats 
cpu  225340 248 43969 921127 6503 0 407 0 0 0
cpu0 225340 248 43969 921127 6503 0 407 0 0 0
intr 1897062 32 29754 0 0 0 0 0 0 0 39751 13472 21933 34028 0 0 12066 0 0 0 0 0 0 0 0 0 0 0 0 0 0 0 0
ctxt 10731463
btime 1518907044
processes 3470
procs_running 1
procs_blocked 0
softirq 887956 4 758287 2270 14446 25280 0 17753 0 0 69916


.This child thread 2 running.I am printing stats 
cpu  225355 248 43970 921127 6503 0 407 0 0 0
cpu0 225355 248 43970 921127 6503 0 407 0 0 0
intr 1897160 32 29754 0 0 0 0 0 0 0 39751 13472 21933 34028 0 0 12066 0 0 0 0 0 0 0 0 0 0 0 0 0 0 0 0
ctxt 10731924
btime 1518907044
processes 3470
procs_running 1
procs_blocked 0
softirq 888000 4 758328 2270 14446 25280 0 17753 0 0 69919


.This child thread 2 running.I am printing stats 
cpu  225370 248 43972 921127 6503 0 407 0 0 0
cpu0 225370 248 43972 921127 6503 0 407 0 0 0
intr 1897256 32 29754 0 0 0 0 0 0 0 39751 13472 21933 34028 0 0 12066 0 0 0 0 0 0 0 0 0 0 0 0 0 0 0 0
ctxt 10732385
btime 1518907044
processes 3470
procs_running 1
procs_blocked 0
softirq 888044 4 758369 2270 14446 25280 0 17753 0 0 69922


.This child thread 2 running.I am printing stats 
cpu  225385 248 43973 921127 6503 0 407 0 0 0
cpu0 225385 248 43973 921127 6503 0 407 0 0 0
intr 1897345 32 29754 0 0 0 0 0 0 0 39751 13472 21933 34028 0 0 12068 0 0 0 0 0 0 0 0 0 0 0 0 0 0 0 0
ctxt 10732843
btime 1518907044
processes 3470
procs_running 1
procs_blocked 0
softirq 888089 4 758410 2270 14446 25281 0 17753 0 0 69925


.This child thread 2 running.I am printing stats 
cpu  225399 248 43975 921127 6503 0 407 0 0 0
cpu0 225399 248 43975 921127 6503 0 407 0 0 0
intr 1897420 32 29754 0 0 0 0 0 0 0 39751 13472 21933 34028 0 0 12068 0 0 0 0 0 0 0 0 0 0 0 0 0 0 0 0
ctxt 10733318
btime 1518907044
processes 3470
procs_running 1
procs_blocked 0
softirq 888130 4 758448 2270 14446 25281 0 17753 0 0 69928


.This child thread 2 running.I am printing stats 
cpu  225418 248 43978 921127 6503 0 407 0 0 0
cpu0 225418 248 43978 921127 6503 0 407 0 0 0
intr 1897540 32 29754 0 0 0 0 0 0 0 39757 13472 21933 34028 0 0 12068 0 0 0 0 0 0 0 0 0 0 0 0 0 0 0 0
ctxt 10733985
btime 1518907044
processes 3470
procs_running 2
procs_blocked 0
softirq 888188 4 758503 2270 14446 25281 0 17753 0 0 69931


.This child thread 2 running.I am printing stats 
cpu  225436 248 43980 921127 6503 0 407 0 0 0
cpu0 225436 248 43980 921127 6503 0 407 0 0 0
intr 1897647 32 29754 0 0 0 0 0 0 0 39761 13472 21933 34028 0 0 12068 0 0 0 0 0 0 0 0 0 0 0 0 0 0 0 0
ctxt 10734544
btime 1518907044
processes 3470
procs_running 2
procs_blocked 0
softirq 888243 4 758555 2270 14446 25281 0 17753 0 0 69934


.This child thread 2 running.I am printing stats 
cpu  225456 248 43983 921127 6503 0 407 0 0 0
cpu0 225456 248 43983 921127 6503 0 407 0 0 0
intr 1897768 32 29754 0 0 0 0 0 0 0 39763 13472 21933 34028 0 0 12068 0 0 0 0 0 0 0 0 0 0 0 0 0 0 0 0
ctxt 10735293
btime 1518907044
processes 3470
procs_running 2
procs_blocked 0
softirq 888305 4 758613 2270 14446 25281 0 17753 0 0 69938


.This child thread 2 running.I am printing stats 
cpu  225472 248 43984 921127 6503 0 407 0 0 0
cpu0 225472 248 43984 921127 6503 0 407 0 0 0
intr 1897847 32 29754 0 0 0 0 0 0 0 39763 13472 21933 34028 0 0 12068 0 0 0 0 0 0 0 0 0 0 0 0 0 0 0 0
ctxt 10735604
btime 1518907044
processes 3470
procs_running 2
procs_blocked 0
softirq 888349 4 758654 2270 14446 25281 0 17753 0 0 69941


.This child thread 2 running.I am printing stats 
cpu  225491 248 43985 921127 6503 0 407 0 0 0
cpu0 225491 248 43985 921127 6503 0 407 0 0 0
intr 1897945 32 29754 0 0 0 0 0 0 0 39763 13473 21933 34028 0 0 12068 0 0 0 0 0 0 0 0 0 0 0 0 0 0 0 0
ctxt 10736433
btime 1518907044
processes 3470
procs_running 1
procs_blocked 0
softirq 888403 4 758704 2270 14447 25281 0 17753 0 0 69944


.This child thread 2 running.I am printing stats 
cpu  225504 248 43986 921127 6503 0 407 0 0 0
cpu0 225504 248 43986 921127 6503 0 407 0 0 0
intr 1898024 32 29754 0 0 0 0 0 0 0 39763 13473 21933 34028 0 0 12068 0 0 0 0 0 0 0 0 0 0 0 0 0 0 0 0
ctxt 10736908
btime 1518907044
processes 3470
procs_running 1
procs_blocked 0
softirq 888442 4 758740 2270 14447 25281 0 17753 0 0 69947


.This child thread 2 running.I am printing stats 
cpu  225520 248 43987 921127 6503 0 407 0 0 0
cpu0 225520 248 43987 921127 6503 0 407 0 0 0
intr 1898114 32 29754 0 0 0 0 0 0 0 39763 13473 21933 34028 0 0 12068 0 0 0 0 0 0 0 0 0 0 0 0 0 0 0 0
ctxt 10737367
btime 1518907044
processes 3470
procs_running 1
procs_blocked 0
softirq 888486 4 758781 2270 14447 25281 0 17753 0 0 69950


.This child thread 2 running.I am printing stats 
cpu  225534 248 43988 921127 6503 0 407 0 0 0
cpu0 225534 248 43988 921127 6503 0 407 0 0 0
intr 1898197 32 29754 0 0 0 0 0 0 0 39763 13473 21933 34028 0 0 12068 0 0 0 0 0 0 0 0 0 0 0 0 0 0 0 0
ctxt 10737857
btime 1518907044
processes 3470
procs_running 1
procs_blocked 0
softirq 888528 4 758820 2270 14447 25281 0 17753 0 0 69953


.This child thread 2 running.I am printing stats 
cpu  225549 248 43989 921127 6503 0 407 0 0 0
cpu0 225549 248 43989 921127 6503 0 407 0 0 0
intr 1898287 32 29754 0 0 0 0 0 0 0 39763 13473 21933 34028 0 0 12068 0 0 0 0 0 0 0 0 0 0 0 0 0 0 0 0
ctxt 10738336
btime 1518907044
processes 3470
procs_running 1
procs_blocked 0
softirq 888570 4 758859 2270 14447 25281 0 17753 0 0 69956


.This child thread 2 running.I am printing stats 
cpu  225564 248 43990 921127 6503 0 407 0 0 0
cpu0 225564 248 43990 921127 6503 0 407 0 0 0
intr 1898375 32 29754 0 0 0 0 0 0 0 39763 13473 21933 34028 0 0 12068 0 0 0 0 0 0 0 0 0 0 0 0 0 0 0 0
ctxt 10738804
btime 1518907044
processes 3470
procs_running 1
procs_blocked 0
softirq 888611 4 758897 2270 14447 25281 0 17753 0 0 69959


.This child thread 2 running.I am printing stats 
cpu  225578 248 43990 921127 6503 0 407 0 0 0
cpu0 225578 248 43990 921127 6503 0 407 0 0 0
intr 1898459 32 29754 0 0 0 0 0 0 0 39763 13473 21933 34028 0 0 12070 0 0 0 0 0 0 0 0 0 0 0 0 0 0 0 0
ctxt 10739289
btime 1518907044
processes 3470
procs_running 1
procs_blocked 0
softirq 888651 4 758933 2270 14447 25282 0 17753 0 0 69962


.This child thread 2 running.I am printing stats 
cpu  225592 248 43991 921127 6503 0 407 0 0 0
cpu0 225592 248 43991 921127 6503 0 407 0 0 0
intr 1898552 32 29754 0 0 0 0 0 0 0 39763 13473 21933 34028 0 0 12070 0 0 0 0 0 0 0 0 0 0 0 0 0 0 0 0
ctxt 10739763
btime 1518907044
processes 3470
procs_running 1
procs_blocked 0
softirq 888692 4 758971 2270 14447 25282 0 17753 0 0 69965


.This child thread 2 running.I am printing stats 
cpu  225602 248 43992 921127 6503 0 407 0 0 0
cpu0 225602 248 43992 921127 6503 0 407 0 0 0
intr 1898613 32 29754 0 0 0 0 0 0 0 39763 13473 21933 34028 0 0 12070 0 0 0 0 0 0 0 0 0 0 0 0 0 0 0 0
ctxt 10739876
btime 1518907044
processes 3470
procs_running 1
procs_blocked 0
softirq 888722 4 758998 2270 14447 25282 0 17753 0 0 69968


.This child thread 2 running.I am printing stats 
cpu  225622 248 43995 921127 6503 0 407 0 0 0
cpu0 225622 248 43995 921127 6503 0 407 0 0 0
intr 1898784 32 29754 0 0 0 0 0 0 0 39782 13473 21933 34032 0 0 12070 0 0 0 0 0 0 0 0 0 0 0 0 0 0 0 0
ctxt 10740693
btime 1518907044
processes 3470
procs_running 2
procs_blocked 0
softirq 888784 4 759057 2270 14447 25282 0 17753 0 0 69971


.This child thread 2 running.I am printing stats 
cpu  225643 248 43996 921127 6503 0 407 0 0 0
cpu0 225643 248 43996 921127 6503 0 407 0 0 0
intr 1898935 32 29754 0 0 0 0 0 0 0 39797 13473 21933 34032 0 0 12070 0 0 0 0 0 0 0 0 0 0 0 0 0 0 0 0
ctxt 10741252
btime 1518907044
processes 3470
procs_running 2
procs_blocked 0
softirq 888840 4 759110 2270 14447 25282 0 17753 0 0 69974


.This child thread 2 running.I am printing stats 
cpu  225663 248 43997 921127 6503 0 407 0 0 0
cpu0 225663 248 43997 921127 6503 0 407 0 0 0
intr 1899086 32 29754 0 0 0 0 0 0 0 39807 13473 21937 34032 0 0 12070 0 0 0 0 0 0 0 0 0 0 0 0 0 0 0 0
ctxt 10741981
btime 1518907044
processes 3470
procs_running 2
procs_blocked 0
softirq 888902 4 759165 2270 14447 25286 0 17753 0 0 69977


.This child thread 2 running.I am printing stats 
cpu  225680 248 43999 921127 6503 0 407 0 0 0
cpu0 225680 248 43999 921127 6503 0 407 0 0 0
intr 1899229 32 29754 0 0 0 0 0 0 0 39820 13474 21937 34032 0 0 12070 0 0 0 0 0 0 0 0 0 0 0 0 0 0 0 0
ctxt 10742526
btime 1518907044
processes 3470
procs_running 2
procs_blocked 0
softirq 888954 4 759213 2270 14448 25286 0 17753 0 0 69980


.This child thread 2 running.I am printing stats 
cpu  225693 248 44001 921127 6503 0 407 0 0 0
cpu0 225693 248 44001 921127 6503 0 407 0 0 0
intr 1899317 32 29754 0 0 0 0 0 0 0 39821 13474 21937 34032 0 0 12070 0 0 0 0 0 0 0 0 0 0 0 0 0 0 0 0
ctxt 10742969
btime 1518907044
processes 3470
procs_running 1
procs_blocked 0
softirq 888992 4 759248 2270 14448 25286 0 17753 0 0 69983


.This child thread 2 running.I am printing stats 
cpu  225708 248 44002 921127 6503 0 407 0 0 0
cpu0 225708 248 44002 921127 6503 0 407 0 0 0
intr 1899417 32 29754 0 0 0 0 0 0 0 39821 13474 21937 34032 0 0 12070 0 0 0 0 0 0 0 0 0 0 0 0 0 0 0 0
ctxt 10743449
btime 1518907044
processes 3470
procs_running 1
procs_blocked 0
softirq 889034 4 759287 2270 14448 25286 0 17753 0 0 69986


.This child thread 2 running.I am printing stats 
cpu  225718 248 44002 921127 6503 0 407 0 0 0
cpu0 225718 248 44002 921127 6503 0 407 0 0 0
intr 1899488 32 29754 0 0 0 0 0 0 0 39826 13474 21937 34032 0 0 12070 0 0 0 0 0 0 0 0 0 0 0 0 0 0 0 0
ctxt 10743593
btime 1518907044
processes 3470
procs_running 1
procs_blocked 0
softirq 889064 4 759314 2270 14448 25286 0 17753 0 0 69989


.This child thread 2 running.I am printing stats 
cpu  225736 248 44003 921127 6503 0 407 0 0 0
cpu0 225736 248 44003 921127 6503 0 407 0 0 0
intr 1899594 32 29754 0 0 0 0 0 0 0 39829 13474 21937 34032 0 0 12070 0 0 0 0 0 0 0 0 0 0 0 0 0 0 0 0
ctxt 10744250
btime 1518907044
processes 3470
procs_running 1
procs_blocked 0
softirq 889115 4 759361 2271 14448 25286 0 17753 0 0 69992


.This child thread 2 running.I am printing stats 
cpu  225747 248 44003 921127 6503 0 407 0 0 0
cpu0 225747 248 44003 921127 6503 0 407 0 0 0
intr 1899656 32 29754 0 0 0 0 0 0 0 39829 13474 21937 34036 0 0 12070 0 0 0 0 0 0 0 0 0 0 0 0 0 0 0 0
ctxt 10744430
btime 1518907044
processes 3470
procs_running 2
procs_blocked 0
softirq 889147 4 759390 2271 14448 25286 0 17753 0 0 69995


.This child thread 2 running.I am printing stats 
cpu  225768 248 44004 921127 6503 0 407 0 0 0
cpu0 225768 248 44004 921127 6503 0 407 0 0 0
intr 1899765 32 29754 0 0 0 0 0 0 0 39831 13474 21937 34040 0 0 12072 0 0 0 0 0 0 0 0 0 0 0 0 0 0 0 0
ctxt 10745222
btime 1518907044
processes 3470
procs_running 2
procs_blocked 0
softirq 889214 4 759444 2271 14448 25287 0 17753 0 0 70007


.This child thread 2 running.I am printing stats 
cpu  225792 248 44006 921127 6503 0 407 0 0 0
cpu0 225792 248 44006 921127 6503 0 407 0 0 0
intr 1899901 32 29754 0 0 0 0 0 0 0 39839 13474 21937 34040 0 0 12072 0 0 0 0 0 0 0 0 0 0 0 0 0 0 0 0
ctxt 10746237
btime 1518907044
processes 3471
procs_running 2
procs_blocked 0
softirq 889293 4 759510 2271 14448 25287 0 17753 0 0 70020


.This child thread 2 running.I am printing stats 
cpu  225810 248 44008 921127 6503 0 407 0 0 0
cpu0 225810 248 44008 921127 6503 0 407 0 0 0
intr 1900035 32 29754 0 0 0 0 0 0 0 39863 13474 21937 34040 0 0 12072 0 0 0 0 0 0 0 0 0 0 0 0 0 0 0 0
ctxt 10746764
btime 1518907044
processes 3471
procs_running 1
procs_blocked 0
softirq 889345 4 759559 2271 14448 25287 0 17753 0 0 70023


.This child thread 2 running.I am printing stats 
cpu  225829 248 44010 921127 6503 0 407 0 0 0
cpu0 225829 248 44010 921127 6503 0 407 0 0 0
intr 1900167 32 29754 0 0 0 0 0 0 0 39884 13474 21937 34040 0 0 12072 0 0 0 0 0 0 0 0 0 0 0 0 0 0 0 0
ctxt 10747219
btime 1518907044
processes 3471
procs_running 2
procs_blocked 0
softirq 889400 4 759611 2271 14448 25287 0 17753 0 0 70026


.This child thread 2 running.I am printing stats 
cpu  225848 248 44011 921127 6503 0 407 0 0 0
cpu0 225848 248 44011 921127 6503 0 407 0 0 0
intr 1900278 32 29754 0 0 0 0 0 0 0 39893 13474 21937 34040 0 0 12072 0 0 0 0 0 0 0 0 0 0 0 0 0 0 0 0
ctxt 10747882
btime 1518907044
processes 3471
procs_running 1
procs_blocked 0
softirq 889452 4 759660 2271 14448 25287 0 17753 0 0 70029


.This child thread 2 running.I am printing stats 
cpu  225860 248 44012 921127 6503 0 407 0 0 0
cpu0 225860 248 44012 921127 6503 0 407 0 0 0
intr 1900373 32 29754 0 0 0 0 0 0 0 39908 13475 21937 34040 0 0 12072 0 0 0 0 0 0 0 0 0 0 0 0 0 0 0 0
ctxt 10748210
btime 1518907044
processes 3471
procs_running 1
procs_blocked 0
softirq 889489 4 759693 2271 14449 25287 0 17753 0 0 70032


.This child thread 2 running.I am printing stats 
cpu  225870 248 44012 921127 6503 0 407 0 0 0
cpu0 225870 248 44012 921127 6503 0 407 0 0 0
intr 1900442 32 29754 0 0 0 0 0 0 0 39913 13475 21937 34040 0 0 12072 0 0 0 0 0 0 0 0 0 0 0 0 0 0 0 0
ctxt 10748337
btime 1518907044
processes 3471
procs_running 1
procs_blocked 0
softirq 889518 4 759719 2271 14449 25287 0 17753 0 0 70035


.This child thread 2 running.I am printing stats 
cpu  225890 248 44014 921127 6503 0 407 0 0 0
cpu0 225890 248 44014 921127 6503 0 407 0 0 0
intr 1900571 32 29754 0 0 0 0 0 0 0 39914 13475 21937 34048 0 0 12072 0 0 0 0 0 0 0 0 0 0 0 0 0 0 0 0
ctxt 10749575
btime 1518907044
processes 3471
procs_running 2
procs_blocked 0
softirq 889582 4 759774 2271 14449 25287 0 17753 0 0 70044


.This child thread 2 running.I am printing stats 
cpu  225914 248 44016 921127 6503 0 407 0 0 0
cpu0 225914 248 44016 921127 6503 0 407 0 0 0
intr 1900729 32 29754 0 0 0 0 0 0 0 39921 13475 21937 34048 0 0 12072 0 0 0 0 0 0 0 0 0 0 0 0 0 0 0 0
ctxt 10750216
btime 1518907044
processes 3471
procs_running 2
procs_blocked 0
softirq 889649 4 759838 2271 14449 25287 0 17753 0 0 70047


.This child thread 2 running.I am printing stats 
cpu  225935 248 44018 921127 6503 0 407 0 0 0
cpu0 225935 248 44018 921127 6503 0 407 0 0 0
intr 1900883 32 29754 0 0 0 0 0 0 0 39938 13475 21937 34048 0 0 12072 0 0 0 0 0 0 0 0 0 0 0 0 0 0 0 0
ctxt 10750991
btime 1518907044
processes 3471
procs_running 2
procs_blocked 0
softirq 889713 4 759896 2271 14449 25287 0 17753 0 0 70053


.This child thread 2 running.I am printing stats 
cpu  225954 248 44020 921127 6503 0 407 0 0 0
cpu0 225954 248 44020 921127 6503 0 407 0 0 0
intr 1901032 32 29754 0 0 0 0 0 0 0 39954 13475 21937 34048 0 0 12074 0 0 0 0 0 0 0 0 0 0 0 0 0 0 0 0
ctxt 10751557
btime 1518907044
processes 3471
procs_running 2
procs_blocked 0
softirq 889770 4 759949 2271 14449 25288 0 17753 0 0 70056


.This child thread 2 running.I am printing stats 
cpu  225973 248 44021 921127 6503 0 407 0 0 0
cpu0 225973 248 44021 921127 6503 0 407 0 0 0
intr 1901172 32 29754 0 0 0 0 0 0 0 39969 13475 21937 34048 0 0 12074 0 0 0 0 0 0 0 0 0 0 0 0 0 0 0 0
ctxt 10752147
btime 1518907044
processes 3471
procs_running 2
procs_blocked 0
softirq 889823 4 759999 2271 14449 25288 0 17753 0 0 70059


.This child thread 2 running.I am printing stats 
cpu  225994 248 44023 921127 6503 0 407 0 0 0
cpu0 225994 248 44023 921127 6503 0 407 0 0 0
intr 1901344 32 29754 0 0 0 0 0 0 0 39991 13475 21937 34048 0 0 12074 0 0 0 0 0 0 0 0 0 0 0 0 0 0 0 0
ctxt 10752839
btime 1518907044
processes 3471
procs_running 2
procs_blocked 0
softirq 889883 4 760056 2271 14449 25288 0 17753 0 0 70062


.This child thread 2 running.I am printing stats 
cpu  226011 248 44024 921127 6503 0 407 0 0 0
cpu0 226011 248 44024 921127 6503 0 407 0 0 0
intr 1901473 32 29754 0 0 0 0 0 0 0 39991 13475 21937 34056 0 0 12074 0 0 0 0 0 0 0 0 0 0 0 0 0 0 0 0
ctxt 10753575
btime 1518907044
processes 3471
procs_running 5
procs_blocked 0
softirq 889937 4 760101 2271 14449 25288 0 17753 0 0 70071


.This child thread 2 running.I am printing stats 
cpu  226030 248 44028 921127 6503 0 407 0 0 0
cpu0 226030 248 44028 921127 6503 0 407 0 0 0
intr 1901628 32 29754 0 0 0 0 0 0 0 39993 13475 21937 34056 0 0 12074 0 0 0 0 0 0 0 0 0 0 0 0 0 0 0 0
ctxt 10754489
btime 1518907044
processes 3471
procs_running 2
procs_blocked 0
softirq 890013 4 760160 2271 14449 25288 0 17753 0 0 70088


.This child thread 2 running.I am printing stats 
cpu  226050 248 44028 921127 6503 0 407 0 0 0
cpu0 226050 248 44028 921127 6503 0 407 0 0 0
intr 1901759 32 29754 0 0 0 0 0 0 0 39994 13476 21937 34056 0 0 12074 0 0 0 0 0 0 0 0 0 0 0 0 0 0 0 0
ctxt 10754640
btime 1518907044
processes 3471
procs_running 2
procs_blocked 0
softirq 890067 4 760210 2271 14450 25288 0 17753 0 0 70091


.This child thread 2 running.I am printing stats 
cpu  226069 248 44029 921127 6503 0 407 0 0 0
cpu0 226069 248 44029 921127 6503 0 407 0 0 0
intr 1901853 32 29754 0 0 0 0 0 0 0 39994 13476 21937 34056 0 0 12074 0 0 0 0 0 0 0 0 0 0 0 0 0 0 0 0
ctxt 10754962
btime 1518907044
processes 3471
procs_running 2
procs_blocked 0
softirq 890118 4 760258 2271 14450 25288 0 17753 0 0 70094


.This child thread 2 running.I am printing stats 
cpu  226087 248 44029 921127 6503 0 407 0 0 0
cpu0 226087 248 44029 921127 6503 0 407 0 0 0
intr 1901973 32 29754 0 0 0 0 0 0 0 40007 13476 21937 34056 0 0 12074 0 0 0 0 0 0 0 0 0 0 0 0 0 0 0 0
ctxt 10755293
btime 1518907044
processes 3471
procs_running 2
procs_blocked 0
softirq 890168 4 760305 2271 14450 25288 0 17753 0 0 70097


.This child thread 2 running.I am printing stats 
cpu  226103 248 44032 921127 6503 0 407 0 0 0
cpu0 226103 248 44032 921127 6503 0 407 0 0 0
intr 1902099 32 29754 0 0 0 0 0 0 0 40031 13476 21937 34056 0 0 12074 0 0 0 0 0 0 0 0 0 0 0 0 0 0 0 0
ctxt 10755864
btime 1518907044
processes 3471
procs_running 2
procs_blocked 0
softirq 890217 4 760351 2271 14450 25288 0 17753 0 0 70100


.This child thread 2 running.I am printing stats 
cpu  226122 248 44032 921127 6503 0 407 0 0 0
cpu0 226122 248 44032 921127 6503 0 407 0 0 0
intr 1902203 32 29754 0 0 0 0 0 0 0 40040 13476 21937 34056 0 0 12074 0 0 0 0 0 0 0 0 0 0 0 0 0 0 0 0
ctxt 10756204
btime 1518907044
processes 3471
procs_running 2
procs_blocked 0
softirq 890268 4 760399 2271 14450 25288 0 17753 0 0 70103


.This child thread 2 running.I am printing stats 
cpu  226145 248 44035 921127 6503 0 407 0 0 0
cpu0 226145 248 44035 921127 6503 0 407 0 0 0
intr 1902358 32 29754 0 0 0 0 0 0 0 40040 13476 21944 34064 0 0 12076 0 0 0 0 0 0 0 0 0 0 0 0 0 0 0 0
ctxt 10757542
btime 1518907044
processes 3471
procs_running 3
procs_blocked 0
softirq 890352 4 760465 2271 14450 25295 0 17753 0 0 70114


.This child thread 2 running.I am printing stats 
cpu  226166 248 44037 921127 6503 0 407 0 0 0
cpu0 226166 248 44037 921127 6503 0 407 0 0 0
intr 1902470 32 29754 0 0 0 0 0 0 0 40040 13476 21944 34064 0 0 12076 0 0 0 0 0 0 0 0 0 0 0 0 0 0 0 0
ctxt 10757878
btime 1518907044
processes 3471
procs_running 2
procs_blocked 0
softirq 890410 4 760520 2271 14450 25295 0 17753 0 0 70117


.This child thread 2 running.I am printing stats 
cpu  226185 248 44037 921127 6503 0 407 0 0 0
cpu0 226185 248 44037 921127 6503 0 407 0 0 0
intr 1902563 32 29754 0 0 0 0 0 0 0 40040 13476 21944 34064 0 0 12076 0 0 0 0 0 0 0 0 0 0 0 0 0 0 0 0
ctxt 10758223
btime 1518907044
processes 3471
procs_running 3
procs_blocked 0
softirq 890466 4 760570 2271 14450 25295 0 17753 0 0 70123


.This child thread 2 running.I am printing stats 
cpu  226206 248 44038 921127 6503 0 407 0 0 0
cpu0 226206 248 44038 921127 6503 0 407 0 0 0
intr 1902675 32 29754 0 0 0 0 0 0 0 40040 13476 21944 34064 0 0 12076 0 0 0 0 0 0 0 0 0 0 0 0 0 0 0 0
ctxt 10758709
btime 1518907044
processes 3471
procs_running 2
procs_blocked 0
softirq 890524 4 760625 2271 14450 25295 0 17753 0 0 70126


.This child thread 2 running.I am printing stats 
cpu  226220 248 44038 921127 6503 0 407 0 0 0
cpu0 226220 248 44038 921127 6503 0 407 0 0 0
intr 1902745 32 29754 0 0 0 0 0 0 0 40040 13476 21944 34064 0 0 12076 0 0 0 0 0 0 0 0 0 0 0 0 0 0 0 0
ctxt 10759166
btime 1518907044
processes 3471
procs_running 1
procs_blocked 0
softirq 890561 4 760658 2272 14450 25295 0 17753 0 0 70129


.This child thread 2 running.I am printing stats 
cpu  226237 248 44039 921127 6503 0 407 0 0 0
cpu0 226237 248 44039 921127 6503 0 407 0 0 0
intr 1902859 32 29756 0 0 0 0 0 0 0 40040 13477 21944 34064 0 0 12076 0 0 0 0 0 0 0 0 0 0 0 0 0 0 0 0
ctxt 10759733
btime 1518907044
processes 3471
procs_running 2
procs_blocked 0
softirq 890612 4 760704 2272 14451 25295 0 17754 0 0 70132


.This child thread 2 running.I am printing stats 
cpu  226250 248 44040 921127 6503 0 407 0 0 0
cpu0 226250 248 44040 921127 6503 0 407 0 0 0
intr 1902940 32 29758 0 0 0 0 0 0 0 40040 13477 21944 34064 0 0 12076 0 0 0 0 0 0 0 0 0 0 0 0 0 0 0 0
ctxt 10760306
btime 1518907044
processes 3471
procs_running 1
procs_blocked 0
softirq 890652 4 760740 2272 14451 25295 0 17755 0 0 70135


.This child thread 2 running.I am printing stats 
cpu  226260 248 44040 921127 6503 0 407 0 0 0
cpu0 226260 248 44040 921127 6503 0 407 0 0 0
intr 1903000 32 29758 0 0 0 0 0 0 0 40040 13477 21944 34064 0 0 12076 0 0 0 0 0 0 0 0 0 0 0 0 0 0 0 0
ctxt 10760408
btime 1518907044
processes 3471
procs_running 1
procs_blocked 0
softirq 890680 4 760765 2272 14451 25295 0 17755 0 0 70138


.This child thread 2 running.I am printing stats 
cpu  226270 248 44040 921127 6503 0 407 0 0 0
cpu0 226270 248 44040 921127 6503 0 407 0 0 0
intr 1903055 32 29758 0 0 0 0 0 0 0 40040 13477 21944 34064 0 0 12076 0 0 0 0 0 0 0 0 0 0 0 0 0 0 0 0
ctxt 10760506
btime 1518907044
processes 3471
procs_running 1
procs_blocked 0
softirq 890708 4 760790 2272 14451 25295 0 17755 0 0 70141


.This child thread 2 running.I am printing stats 
cpu  226280 248 44040 921127 6503 0 407 0 0 0
cpu0 226280 248 44040 921127 6503 0 407 0 0 0
intr 1903112 32 29758 0 0 0 0 0 0 0 40040 13477 21944 34064 0 0 12076 0 0 0 0 0 0 0 0 0 0 0 0 0 0 0 0
ctxt 10760608
btime 1518907044
processes 3471
procs_running 1
procs_blocked 0
softirq 890736 4 760815 2272 14451 25295 0 17755 0 0 70144


.This child thread 2 running.I am printing stats 
cpu  226290 248 44040 921127 6503 0 407 0 0 0
cpu0 226290 248 44040 921127 6503 0 407 0 0 0
intr 1903172 32 29758 0 0 0 0 0 0 0 40040 13477 21944 34064 0 0 12076 0 0 0 0 0 0 0 0 0 0 0 0 0 0 0 0
ctxt 10760714
btime 1518907044
processes 3471
procs_running 1
procs_blocked 0
softirq 890764 4 760840 2272 14451 25295 0 17755 0 0 70147


.This child thread 2 running.I am printing stats 
cpu  226307 248 44042 921127 6503 0 407 0 0 0
cpu0 226307 248 44042 921127 6503 0 407 0 0 0
intr 1903279 32 29758 0 0 0 0 0 0 0 40040 13477 21944 34064 0 0 12076 0 0 0 0 0 0 0 0 0 0 0 0 0 0 0 0
ctxt 10761384
btime 1518907044
processes 3472
procs_running 1
procs_blocked 0
softirq 890814 4 760887 2272 14451 25295 0 17755 0 0 70150


.This child thread 2 running.I am printing stats 
cpu  226317 248 44043 921127 6503 0 407 0 0 0
cpu0 226317 248 44043 921127 6503 0 407 0 0 0
intr 1903337 32 29758 0 0 0 0 0 0 0 40040 13477 21944 34064 0 0 12076 0 0 0 0 0 0 0 0 0 0 0 0 0 0 0 0
ctxt 10761482
btime 1518907044
processes 3472
procs_running 1
procs_blocked 0
softirq 890843 4 760913 2272 14451 25295 0 17755 0 0 70153


.This child thread 2 running.I am printing stats 
cpu  226327 248 44043 921127 6503 0 407 0 0 0
cpu0 226327 248 44043 921127 6503 0 407 0 0 0
intr 1903398 32 29758 0 0 0 0 0 0 0 40040 13477 21944 34064 0 0 12078 0 0 0 0 0 0 0 0 0 0 0 0 0 0 0 0
ctxt 10761587
btime 1518907044
processes 3472
procs_running 1
procs_blocked 0
softirq 890872 4 760938 2272 14451 25296 0 17755 0 0 70156


.This child thread 2 running.I am printing stats 
cpu  226337 248 44043 921127 6503 0 407 0 0 0
cpu0 226337 248 44043 921127 6503 0 407 0 0 0
intr 1903461 32 29758 0 0 0 0 0 0 0 40040 13477 21944 34064 0 0 12078 0 0 0 0 0 0 0 0 0 0 0 0 0 0 0 0
ctxt 10761688
btime 1518907044
processes 3472
procs_running 1
procs_blocked 0
softirq 890900 4 760963 2272 14451 25296 0 17755 0 0 70159


.This child thread 2 running.I am printing stats 
cpu  226347 248 44043 921127 6503 0 407 0 0 0
cpu0 226347 248 44043 921127 6503 0 407 0 0 0
intr 1903525 32 29758 0 0 0 0 0 0 0 40040 13477 21944 34064 0 0 12078 0 0 0 0 0 0 0 0 0 0 0 0 0 0 0 0
ctxt 10761788
btime 1518907044
processes 3472
procs_running 1
procs_blocked 0
softirq 890928 4 760988 2272 14451 25296 0 17755 0 0 70162


.This child thread 2 running.I am printing stats 
cpu  226363 248 44046 921127 6503 0 407 0 0 0
cpu0 226363 248 44046 921127 6503 0 407 0 0 0
intr 1903661 32 29759 0 0 0 0 0 0 0 40040 13490 21944 34064 0 0 12078 0 0 0 0 0 0 0 0 0 0 0 0 0 0 0 0
ctxt 10762429
btime 1518907044
processes 3474
procs_running 4
procs_blocked 0
softirq 891011 4 761036 2272 14470 25296 0 17756 0 0 70177


.This child thread 2 running.I am printing stats 
cpu  226382 248 44048 921127 6503 0 407 0 0 0
cpu0 226382 248 44048 921127 6503 0 407 0 0 0
intr 1903867 32 29761 0 0 0 0 0 0 0 40040 13556 21944 34064 0 0 12078 0 0 0 0 0 0 0 0 0 0 0 0 0 0 0 0
ctxt 10763261
btime 1518907044
processes 3480
procs_running 3
procs_blocked 0
softirq 891150 4 761091 2272 14536 25296 0 17758 0 0 70193


.This child thread 2 running.I am printing stats 
cpu  226400 248 44050 921127 6503 0 407 0 0 0
cpu0 226400 248 44050 921127 6503 0 407 0 0 0
intr 1903992 32 29762 0 0 0 0 0 0 0 40040 13556 21944 34064 0 0 12078 0 0 0 0 0 0 0 0 0 0 0 0 0 0 0 0
ctxt 10763927
btime 1518907044
processes 3480
procs_running 1
procs_blocked 0
softirq 891206 4 761140 2272 14536 25296 0 17759 0 0 70199


.This child thread 2 running.I am printing stats 
cpu  226410 248 44051 921127 6503 0 407 0 0 0
cpu0 226410 248 44051 921127 6503 0 407 0 0 0
intr 1904060 32 29762 0 0 0 0 0 0 0 40040 13556 21944 34064 0 0 12078 0 0 0 0 0 0 0 0 0 0 0 0 0 0 0 0
ctxt 10764054
btime 1518907044
processes 3480
procs_running 1
procs_blocked 0
softirq 891236 4 761167 2272 14536 25296 0 17759 0 0 70202


.This child thread 2 running.I am printing stats 
cpu  226420 248 44051 921127 6503 0 407 0 0 0
cpu0 226420 248 44051 921127 6503 0 407 0 0 0
intr 1904118 32 29762 0 0 0 0 0 0 0 40040 13556 21944 34064 0 0 12078 0 0 0 0 0 0 0 0 0 0 0 0 0 0 0 0
ctxt 10764170
btime 1518907044
processes 3480
procs_running 1
procs_blocked 0
softirq 891265 4 761193 2272 14536 25296 0 17759 0 0 70205


.This child thread 2 running.I am printing stats 
cpu  226430 248 44051 921127 6503 0 407 0 0 0
cpu0 226430 248 44051 921127 6503 0 407 0 0 0
intr 1904172 32 29762 0 0 0 0 0 0 0 40040 13557 21944 34064 0 0 12078 0 0 0 0 0 0 0 0 0 0 0 0 0 0 0 0
ctxt 10764272
btime 1518907044
processes 3480
procs_running 1
procs_blocked 0
softirq 891294 4 761218 2272 14537 25296 0 17759 0 0 70208


.This child thread 2 running.I am printing stats 
cpu  226442 248 44052 921127 6503 0 407 0 0 0
cpu0 226442 248 44052 921127 6503 0 407 0 0 0
intr 1904226 32 29762 0 0 0 0 0 0 0 40040 13557 21944 34064 0 0 12078 0 0 0 0 0 0 0 0 0 0 0 0 0 0 0 0
ctxt 10764585
btime 1518907044
processes 3480
procs_running 1
procs_blocked 0
softirq 891327 4 761248 2272 14537 25296 0 17759 0 0 70211


.This child thread 2 running.I am printing stats 
cpu  226452 248 44052 921127 6503 0 407 0 0 0
cpu0 226452 248 44052 921127 6503 0 407 0 0 0
intr 1904273 32 29762 0 0 0 0 0 0 0 40040 13557 21944 34064 0 0 12078 0 0 0 0 0 0 0 0 0 0 0 0 0 0 0 0
ctxt 10764688
btime 1518907044
processes 3480
procs_running 1
procs_blocked 0
softirq 891355 4 761273 2272 14537 25296 0 17759 0 0 70214


.This child thread 2 running.I am printing stats 
cpu  226462 248 44052 921127 6503 0 407 0 0 0
cpu0 226462 248 44052 921127 6503 0 407 0 0 0
intr 1904321 32 29762 0 0 0 0 0 0 0 40040 13557 21944 34064 0 0 12078 0 0 0 0 0 0 0 0 0 0 0 0 0 0 0 0
ctxt 10764791
btime 1518907044
processes 3480
procs_running 1
procs_blocked 0
softirq 891383 4 761298 2272 14537 25296 0 17759 0 0 70217


.This child thread 2 running.I am printing stats 
cpu  226475 248 44052 921127 6503 0 407 0 0 0
cpu0 226475 248 44052 921127 6503 0 407 0 0 0
intr 1904390 32 29762 0 0 0 0 0 0 0 40040 13557 21944 34064 0 0 12078 0 0 0 0 0 0 0 0 0 0 0 0 0 0 0 0
ctxt 10765258
btime 1518907044
processes 3480
procs_running 1
procs_blocked 0
softirq 891422 4 761334 2272 14537 25296 0 17759 0 0 70220


.This child thread 2 running.I am printing stats 
cpu  226486 248 44052 921127 6503 0 407 0 0 0
cpu0 226486 248 44052 921127 6503 0 407 0 0 0
intr 1904440 32 29762 0 0 0 0 0 0 0 40040 13557 21944 34064 0 0 12078 0 0 0 0 0 0 0 0 0 0 0 0 0 0 0 0
ctxt 10765358
btime 1518907044
processes 3480
procs_running 1
procs_blocked 0
softirq 891451 4 761360 2272 14537 25296 0 17759 0 0 70223


.This child thread 2 running.I am printing stats 
cpu  226497 248 44053 921127 6503 0 407 0 0 0
cpu0 226497 248 44053 921127 6503 0 407 0 0 0
intr 1904499 32 29762 0 0 0 0 0 0 0 40040 13557 21944 34064 0 0 12078 0 0 0 0 0 0 0 0 0 0 0 0 0 0 0 0
ctxt 10765674
btime 1518907044
processes 3480
procs_running 1
procs_blocked 0
softirq 891484 4 761390 2272 14537 25296 0 17759 0 0 70226


.This child thread 2 running.I am printing stats 
cpu  226507 248 44053 921127 6503 0 407 0 0 0
cpu0 226507 248 44053 921127 6503 0 407 0 0 0
intr 1904547 32 29762 0 0 0 0 0 0 0 40040 13557 21944 34064 0 0 12078 0 0 0 0 0 0 0 0 0 0 0 0 0 0 0 0
ctxt 10765772
btime 1518907044
processes 3480
procs_running 1
procs_blocked 0
softirq 891512 4 761415 2272 14537 25296 0 17759 0 0 70229


.This child thread 2 running.I am printing stats 
cpu  226517 248 44053 921127 6503 0 407 0 0 0
cpu0 226517 248 44053 921127 6503 0 407 0 0 0
intr 1904598 32 29762 0 0 0 0 0 0 0 40040 13557 21944 34064 0 0 12080 0 0 0 0 0 0 0 0 0 0 0 0 0 0 0 0
ctxt 10765877
btime 1518907044
processes 3480
procs_running 1
procs_blocked 0
softirq 891541 4 761440 2272 14537 25297 0 17759 0 0 70232


.This child thread 2 running.I am printing stats 
cpu  226527 248 44053 921127 6503 0 407 0 0 0
cpu0 226527 248 44053 921127 6503 0 407 0 0 0
intr 1904648 32 29762 0 0 0 0 0 0 0 40040 13557 21944 34064 0 0 12080 0 0 0 0 0 0 0 0 0 0 0 0 0 0 0 0
ctxt 10765975
btime 1518907044
processes 3480
procs_running 1
procs_blocked 0
softirq 891569 4 761465 2272 14537 25297 0 17759 0 0 70235


.This child thread 2 running.I am printing stats 
cpu  226537 248 44053 921127 6503 0 407 0 0 0
cpu0 226537 248 44053 921127 6503 0 407 0 0 0
intr 1904699 32 29762 0 0 0 0 0 0 0 40040 13557 21944 34064 0 0 12080 0 0 0 0 0 0 0 0 0 0 0 0 0 0 0 0
ctxt 10766075
btime 1518907044
processes 3480
procs_running 1
procs_blocked 0
softirq 891597 4 761490 2272 14537 25297 0 17759 0 0 70238


.This child thread 2 running.I am printing stats 
cpu  226547 248 44053 921127 6503 0 407 0 0 0
cpu0 226547 248 44053 921127 6503 0 407 0 0 0
intr 1904746 32 29762 0 0 0 0 0 0 0 40040 13557 21944 34064 0 0 12080 0 0 0 0 0 0 0 0 0 0 0 0 0 0 0 0
ctxt 10766182
btime 1518907044
processes 3480
procs_running 1
procs_blocked 0
softirq 891625 4 761515 2272 14537 25297 0 17759 0 0 70241


.This child thread 2 running.I am printing stats 
cpu  226564 248 44054 921127 6503 0 407 0 0 0
cpu0 226564 248 44054 921127 6503 0 407 0 0 0
intr 1904834 32 29762 0 0 0 0 0 0 0 40040 13557 21944 34064 0 0 12080 0 0 0 0 0 0 0 0 0 0 0 0 0 0 0 0
ctxt 10766799
btime 1518907044
processes 3480
procs_running 2
procs_blocked 0
softirq 891672 4 761559 2272 14537 25297 0 17759 0 0 70244


.This child thread 2 running.I am printing stats 
cpu  226574 248 44054 921127 6503 0 407 0 0 0
cpu0 226574 248 44054 921127 6503 0 407 0 0 0
intr 1904882 32 29762 0 0 0 0 0 0 0 40040 13557 21944 34064 0 0 12080 0 0 0 0 0 0 0 0 0 0 0 0 0 0 0 0
ctxt 10766954
btime 1518907044
processes 3480
procs_running 1
procs_blocked 0
softirq 891700 4 761584 2272 14537 25297 0 17759 0 0 70247


.This child thread 2 running.I am printing stats 
cpu  226587 248 44054 921127 6503 0 407 0 0 0
cpu0 226587 248 44054 921127 6503 0 407 0 0 0
intr 1904969 32 29763 0 0 0 0 0 0 0 40040 13557 21944 34064 0 0 12080 0 0 0 0 0 0 0 0 0 0 0 0 0 0 0 0
ctxt 10767182
btime 1518907044
processes 3480
procs_running 2
procs_blocked 0
softirq 891739 4 761619 2272 14537 25297 0 17760 0 0 70250


.This child thread 2 running.I am printing stats 
cpu  226600 248 44055 921127 6503 0 407 0 0 0
cpu0 226600 248 44055 921127 6503 0 407 0 0 0
intr 1905049 32 29764 0 0 0 0 0 0 0 40040 13557 21944 34064 0 0 12080 0 0 0 0 0 0 0 0 0 0 0 0 0 0 0 0
ctxt 10767690
btime 1518907044
processes 3480
procs_running 1
procs_blocked 0
softirq 891777 4 761653 2272 14537 25297 0 17761 0 0 70253


.This child thread 2 running.I am printing stats 
cpu  226610 248 44055 921127 6503 0 407 0 0 0
cpu0 226610 248 44055 921127 6503 0 407 0 0 0
intr 1905112 32 29764 0 0 0 0 0 0 0 40040 13557 21948 34064 0 0 12080 0 0 0 0 0 0 0 0 0 0 0 0 0 0 0 0
ctxt 10767804
btime 1518907044
processes 3480
procs_running 1
procs_blocked 0
softirq 891809 4 761678 2272 14537 25301 0 17761 0 0 70256


.This child thread 2 running.I am printing stats 
cpu  226623 248 44056 921127 6503 0 407 0 0 0
cpu0 226623 248 44056 921127 6503 0 407 0 0 0
intr 1905198 32 29765 0 0 0 0 0 0 0 40040 13558 21948 34064 0 0 12080 0 0 0 0 0 0 0 0 0 0 0 0 0 0 0 0
ctxt 10768204
btime 1518907044
processes 3480
procs_running 1
procs_blocked 0
softirq 891849 4 761713 2272 14538 25301 0 17762 0 0 70259


.This child thread 2 running.I am printing stats 
cpu  226633 248 44057 921127 6503 0 407 0 0 0
cpu0 226633 248 44057 921127 6503 0 407 0 0 0
intr 1905257 32 29766 0 0 0 0 0 0 0 40040 13558 21948 34064 0 0 12080 0 0 0 0 0 0 0 0 0 0 0 0 0 0 0 0
ctxt 10768351
btime 1518907044
processes 3480
procs_running 1
procs_blocked 0
softirq 891879 4 761739 2272 14538 25301 0 17763 0 0 70262


.This child thread 2 running.I am printing stats 
cpu  226643 248 44057 921127 6503 0 407 0 0 0
cpu0 226643 248 44057 921127 6503 0 407 0 0 0
intr 1905318 32 29766 0 0 0 0 0 0 0 40040 13558 21948 34064 0 0 12080 0 0 0 0 0 0 0 0 0 0 0 0 0 0 0 0
ctxt 10768451
btime 1518907044
processes 3480
procs_running 1
procs_blocked 0
softirq 891908 4 761765 2272 14538 25301 0 17763 0 0 70265


.This child thread 2 running.I am printing stats 
cpu  226653 248 44057 921127 6503 0 407 0 0 0
cpu0 226653 248 44057 921127 6503 0 407 0 0 0
intr 1905376 32 29766 0 0 0 0 0 0 0 40040 13558 21948 34064 0 0 12080 0 0 0 0 0 0 0 0 0 0 0 0 0 0 0 0
ctxt 10768551
btime 1518907044
processes 3480
procs_running 1
procs_blocked 0
softirq 891936 4 761790 2272 14538 25301 0 17763 0 0 70268


Bye bye.Child thread 2 terminating 

Goodbye from thread 2!
Timestamp for thread destruction:1518919125.105105

